Using pre-set license
Built from '2021.3/staging' branch; Version is '2021.3.18f1 (3129e69bc0c7) revision 3221990'; Using compiler version '192829333'; Build Type 'Release'
OS: 'Windows 11  (10.0.22621) 64bit Professional' Language: 'en' Physical Memory: 32607 MB
BatchMode: 1, IsHumanControllingUs: 0, StartBugReporterOnCrash: 0, Is64bit: 1, IsPro: 1

COMMAND LINE ARGUMENTS:
D:\File_Program\2021.3.18f1\Editor\Unity.exe
-adb2
-batchMode
-noUpm
-name
AssetImportWorker2
-projectPath
D:/2year/codeunity/Project/Space_Project
-logFile
Logs/AssetImportWorker2.log
-srvPort
62659
Successfully changed project path to: D:/2year/codeunity/Project/Space_Project
D:/2year/codeunity/Project/Space_Project
[UnityMemory] Configuration Parameters - Can be set up in boot.config
    "memorysetup-bucket-allocator-granularity=16"
    "memorysetup-bucket-allocator-bucket-count=8"
    "memorysetup-bucket-allocator-block-size=33554432"
    "memorysetup-bucket-allocator-block-count=8"
    "memorysetup-main-allocator-block-size=16777216"
    "memorysetup-thread-allocator-block-size=16777216"
    "memorysetup-gfx-main-allocator-block-size=16777216"
    "memorysetup-gfx-thread-allocator-block-size=16777216"
    "memorysetup-cache-allocator-block-size=4194304"
    "memorysetup-typetree-allocator-block-size=2097152"
    "memorysetup-profiler-bucket-allocator-granularity=16"
    "memorysetup-profiler-bucket-allocator-bucket-count=8"
    "memorysetup-profiler-bucket-allocator-block-size=33554432"
    "memorysetup-profiler-bucket-allocator-block-count=8"
    "memorysetup-profiler-allocator-block-size=16777216"
    "memorysetup-profiler-editor-allocator-block-size=1048576"
    "memorysetup-temp-allocator-size-main=16777216"
    "memorysetup-job-temp-allocator-block-size=2097152"
    "memorysetup-job-temp-allocator-block-size-background=1048576"
    "memorysetup-job-temp-allocator-reduction-small-platforms=262144"
    "memorysetup-temp-allocator-size-background-worker=32768"
    "memorysetup-temp-allocator-size-job-worker=262144"
    "memorysetup-temp-allocator-size-preload-manager=33554432"
    "memorysetup-temp-allocator-size-nav-mesh-worker=65536"
    "memorysetup-temp-allocator-size-audio-worker=65536"
    "memorysetup-temp-allocator-size-cloud-worker=32768"
    "memorysetup-temp-allocator-size-gi-baking-worker=262144"
    "memorysetup-temp-allocator-size-gfx=262144"
Player connection [17916] Host "[IP] 192.168.1.117 [Port] 0 [Flags] 2 [Guid] 2179268588 [EditorId] 2179268588 [Version] 1048832 [Id] WindowsEditor(7,DESKTOP-SROV3A8) [Debug] 1 [PackageName] WindowsEditor [ProjectName] Editor" joined multi-casting on [225.0.0.222:54997]...

Player connection [17916] Host "[IP] 192.168.1.117 [Port] 0 [Flags] 2 [Guid] 2179268588 [EditorId] 2179268588 [Version] 1048832 [Id] WindowsEditor(7,DESKTOP-SROV3A8) [Debug] 1 [PackageName] WindowsEditor [ProjectName] Editor" joined alternative multi-casting on [225.0.0.222:34997]...

Refreshing native plugins compatible for Editor in 75.98 ms, found 4 plugins.
Preloading 0 native plugins for Editor in 0.00 ms.
Initialize engine version: 2021.3.18f1 (3129e69bc0c7)
[Subsystems] Discovering subsystems at path D:/File_Program/2021.3.18f1/Editor/Data/Resources/UnitySubsystems
[Subsystems] Discovering subsystems at path D:/2year/codeunity/Project/Space_Project/Assets
GfxDevice: creating device client; threaded=0; jobified=0
Direct3D:
    Version:  Direct3D 11.0 [level 11.1]
    Renderer: NVIDIA GeForce RTX 2060 (ID=0x1f08)
    Vendor:   NVIDIA
    VRAM:     5980 MB
    Driver:   30.0.15.1179
Initialize mono
Mono path[0] = 'D:/File_Program/2021.3.18f1/Editor/Data/Managed'
Mono path[1] = 'D:/File_Program/2021.3.18f1/Editor/Data/MonoBleedingEdge/lib/mono/unityjit-win32'
Mono config path = 'D:/File_Program/2021.3.18f1/Editor/Data/MonoBleedingEdge/etc'
Using monoOptions --debugger-agent=transport=dt_socket,embedding=1,server=y,suspend=n,address=127.0.0.1:56996
Begin MonoManager ReloadAssembly
Registering precompiled unity dll's ...
Register platform support module: D:/File_Program/2021.3.18f1/Editor/Data/PlaybackEngines/WebGLSupport/UnityEditor.WebGL.Extensions.dll
Register platform support module: D:/File_Program/2021.3.18f1/Editor/Data/PlaybackEngines/WindowsStandaloneSupport/UnityEditor.WindowsStandalone.Extensions.dll
Registered in 0.001213 seconds.
Native extension for WindowsStandalone target not found
Native extension for WebGL target not found
Refreshing native plugins compatible for Editor in 69.22 ms, found 4 plugins.
Preloading 0 native plugins for Editor in 0.00 ms.
Mono: successfully reloaded assembly
- Completed reload, in  0.392 seconds
Domain Reload Profiling:
	ReloadAssembly (393ms)
		BeginReloadAssembly (41ms)
			ExecutionOrderSort (0ms)
			DisableScriptedObjects (0ms)
			BackupInstance (0ms)
			ReleaseScriptingObjects (0ms)
			CreateAndSetChildDomain (0ms)
		EndReloadAssembly (290ms)
			LoadAssemblies (41ms)
			RebuildTransferFunctionScriptingTraits (0ms)
			SetupTypeCache (62ms)
			ReleaseScriptCaches (0ms)
			RebuildScriptCaches (17ms)
			SetupLoadedEditorAssemblies (181ms)
				LogAssemblyErrors (0ms)
				InitializePlatformSupportModulesInManaged (5ms)
				SetLoadedEditorAssemblies (0ms)
				RefreshPlugins (69ms)
				BeforeProcessingInitializeOnLoad (1ms)
				ProcessInitializeOnLoadAttributes (78ms)
				ProcessInitializeOnLoadMethodAttributes (28ms)
				AfterProcessingInitializeOnLoad (0ms)
				EditorAssembliesLoaded (0ms)
			ExecutionOrderSort2 (0ms)
			AwakeInstancesAfterBackupRestoration (0ms)
Platform modules already initialized, skipping
Registering precompiled user dll's ...
Registered in 0.002381 seconds.
Begin MonoManager ReloadAssembly
Symbol file LoadedFromMemory doesn't match image D:\2year\codeunity\Project\Space_Project\Library\PackageCache\com.unity.visualscripting@1.8.0\Editor\VisualScripting.Core\Dependencies\YamlDotNet\Unity.VisualScripting.YamlDotNet.dll
Symbol file LoadedFromMemory doesn't match image D:\2year\codeunity\Project\Space_Project\Library\PackageCache\com.unity.visualscripting@1.8.0\Editor\VisualScripting.Core\Dependencies\DotNetZip\Unity.VisualScripting.IonicZip.dll
Native extension for WindowsStandalone target not found
Native extension for WebGL target not found
Refreshing native plugins compatible for Editor in 69.61 ms, found 4 plugins.
Preloading 0 native plugins for Editor in 0.00 ms.
Mono: successfully reloaded assembly
- Completed reload, in  0.820 seconds
Domain Reload Profiling:
	ReloadAssembly (821ms)
		BeginReloadAssembly (65ms)
			ExecutionOrderSort (0ms)
			DisableScriptedObjects (4ms)
			BackupInstance (0ms)
			ReleaseScriptingObjects (0ms)
			CreateAndSetChildDomain (12ms)
		EndReloadAssembly (687ms)
			LoadAssemblies (57ms)
			RebuildTransferFunctionScriptingTraits (0ms)
			SetupTypeCache (203ms)
			ReleaseScriptCaches (0ms)
			RebuildScriptCaches (42ms)
			SetupLoadedEditorAssemblies (353ms)
				LogAssemblyErrors (0ms)
				InitializePlatformSupportModulesInManaged (2ms)
				SetLoadedEditorAssemblies (0ms)
				RefreshPlugins (70ms)
				BeforeProcessingInitializeOnLoad (67ms)
				ProcessInitializeOnLoadAttributes (153ms)
				ProcessInitializeOnLoadMethodAttributes (59ms)
				AfterProcessingInitializeOnLoad (1ms)
				EditorAssembliesLoaded (0ms)
			ExecutionOrderSort2 (0ms)
			AwakeInstancesAfterBackupRestoration (4ms)
Platform modules already initialized, skipping
========================================================================
Worker process is ready to serve import requests
Launched and connected shader compiler UnityShaderCompiler.exe after 0.04 seconds
Refreshing native plugins compatible for Editor in 0.60 ms, found 4 plugins.
Preloading 0 native plugins for Editor in 0.00 ms.
Unloading 5224 Unused Serialized files (Serialized files now loaded: 0)
Unloading 46 unused Assets / (0.9 MB). Loaded Objects now: 5672.
Memory consumption went from 208.6 MB to 207.7 MB.
Total: 2.523400 ms (FindLiveObjects: 0.239900 ms CreateObjectMapping: 0.134700 ms MarkObjects: 1.909900 ms  DeleteObjects: 0.238300 ms)

AssetImportParameters requested are different than current active one (requested -> active):
  custom:video-decoder-ogg-theora: a1e56fd34408186e4bbccfd4996cb3dc -> 
  custom:container-muxer-webm: aa71ff27fc2769a1b78a27578f13a17b -> 
  custom:container-demuxer-webm: 4f35f7cbe854078d1ac9338744f61a02 -> 
  custom:video-encoder-webm-vp8: eb34c28f22e8b96e1ab97ce403110664 -> 
  custom:audio-encoder-webm-vorbis: bf7c407c2cedff20999df2af8eb42d56 -> 
  custom:framework-win-MediaFoundation: 216162199b28c13a410421893ffa2e32 -> 
  custom:container-demuxer-ogg: 62fdf1f143b41e24485cea50d1cbac27 -> 
  custom:video-decoder-webm-vp8: 9c59270c3fd7afecdb556c50c9e8de78 -> 
  custom:audio-decoder-ogg-vorbis: bf7c407c2cedff20999df2af8eb42d56 -> 
========================================================================
Received Import Request.
  Time since last request: 277451.794245 seconds.
  path: Assets/asset/fire
  artifactKey: Guid(c5fb866c7c8404c499d7c3e34149fd4b) Importer(815301076,1909f56bfc062723c751e8b465ee728b)
Start importing Assets/asset/fire using Guid(c5fb866c7c8404c499d7c3e34149fd4b) Importer(815301076,1909f56bfc062723c751e8b465ee728b)  -> (artifact id: '9d105ea68ef3d3d62d244c94804c5267') in 0.013170 seconds 
========================================================================
Received Import Request.
  Time since last request: 5.857179 seconds.
  path: Assets/asset/thunder
  artifactKey: Guid(c5fb866c7c8404c499d7c3e34149fd4b) Importer(815301076,1909f56bfc062723c751e8b465ee728b)
Start importing Assets/asset/thunder using Guid(c5fb866c7c8404c499d7c3e34149fd4b) Importer(815301076,1909f56bfc062723c751e8b465ee728b)  -> (artifact id: 'be0a9eb177358d01ef8e618e06136604') in 0.005450 seconds 
========================================================================
Received Import Request.
  Time since last request: 15.299601 seconds.
  path: Assets/asset/thunder/Thunder projectile1 w blur.png
  artifactKey: Guid(c52c5056fcc0cae4ab6e61cfe2143ac8) Importer(815301076,1909f56bfc062723c751e8b465ee728b)
Start importing Assets/asset/thunder/Thunder projectile1 w blur.png using Guid(c52c5056fcc0cae4ab6e61cfe2143ac8) Importer(815301076,1909f56bfc062723c751e8b465ee728b)  -> (artifact id: 'b90ed3c4401b75e1bbb4f9ebe4fa1500') in 0.079244 seconds 
========================================================================
Received Import Request.
  Time since last request: 19.869093 seconds.
  path: Assets/asset/thunder/Thunder projectile1 w blur.png
  artifactKey: Guid(c52c5056fcc0cae4ab6e61cfe2143ac8) Importer(815301076,1909f56bfc062723c751e8b465ee728b)
Start importing Assets/asset/thunder/Thunder projectile1 w blur.png using Guid(c52c5056fcc0cae4ab6e61cfe2143ac8) Importer(815301076,1909f56bfc062723c751e8b465ee728b)  -> (artifact id: '12c735cd5604adcf988b7d6fca7b97ec') in 0.015121 seconds 
========================================================================
Received Import Request.
  Time since last request: 40.280392 seconds.
  path: Assets/asset/thunder/Thunder projectile1 w blur.png
  artifactKey: Guid(c52c5056fcc0cae4ab6e61cfe2143ac8) Importer(815301076,1909f56bfc062723c751e8b465ee728b)
Start importing Assets/asset/thunder/Thunder projectile1 w blur.png using Guid(c52c5056fcc0cae4ab6e61cfe2143ac8) Importer(815301076,1909f56bfc062723c751e8b465ee728b)  -> (artifact id: '8ccaceb1db00fd50686727b62727839b') in 0.027271 seconds 
========================================================================
Received Import Request.
  Time since last request: 30.410009 seconds.
  path: Assets/asset/Character_asset/2 Weapons/2 Run/1.png
  artifactKey: Guid(2c5f27539f6119c48a55211fc3edc6a7) Importer(815301076,1909f56bfc062723c751e8b465ee728b)
Start importing Assets/asset/Character_asset/2 Weapons/2 Run/1.png using Guid(2c5f27539f6119c48a55211fc3edc6a7) Importer(815301076,1909f56bfc062723c751e8b465ee728b)  -> (artifact id: '387cd4c8423661284a9bf2a4e5509d0d') in 0.020484 seconds 
========================================================================
Received Import Request.
  Time since last request: 0.000020 seconds.
  path: Assets/asset/tilemap_asset/3 Objects/Fence/1.png
  artifactKey: Guid(580f333d924ee484f8ed1f86dd6499fd) Importer(815301076,1909f56bfc062723c751e8b465ee728b)
Start importing Assets/asset/tilemap_asset/3 Objects/Fence/1.png using Guid(580f333d924ee484f8ed1f86dd6499fd) Importer(815301076,1909f56bfc062723c751e8b465ee728b)  -> (artifact id: '6661bfdb854fdbc80e1da5bcc8e7e2b5') in 0.008240 seconds 
========================================================================
Received Import Request.
  Time since last request: 0.772926 seconds.
  path: Assets/asset/tilemap_asset/3 Objects/Leaf/1.png
  artifactKey: Guid(7e0c226325344254f8b42a132f896342) Importer(815301076,1909f56bfc062723c751e8b465ee728b)
Start importing Assets/asset/tilemap_asset/3 Objects/Leaf/1.png using Guid(7e0c226325344254f8b42a132f896342) Importer(815301076,1909f56bfc062723c751e8b465ee728b)  -> (artifact id: '27b44a3c2f507efa2751440b64d1885e') in 0.009456 seconds 
========================================================================
Received Import Request.
  Time since last request: 0.447569 seconds.
  path: Assets/asset/tilemap_asset/3 Objects/Grass/1.png
  artifactKey: Guid(fe4e393667728b94ab16590865629da8) Importer(815301076,1909f56bfc062723c751e8b465ee728b)
Start importing Assets/asset/tilemap_asset/3 Objects/Grass/1.png using Guid(fe4e393667728b94ab16590865629da8) Importer(815301076,1909f56bfc062723c751e8b465ee728b)  -> (artifact id: 'd9280ede4cd1f1a17e30d089b2f19d4b') in 0.010117 seconds 
========================================================================
Received Import Request.
  Time since last request: 0.014204 seconds.
  path: Assets/asset/tilemap_asset/3 Objects/Bushes/1.png
  artifactKey: Guid(779f16362b753b545a77329a2f7b66af) Importer(815301076,1909f56bfc062723c751e8b465ee728b)
Start importing Assets/asset/tilemap_asset/3 Objects/Bushes/1.png using Guid(779f16362b753b545a77329a2f7b66af) Importer(815301076,1909f56bfc062723c751e8b465ee728b)  -> (artifact id: 'e934488d7dca582c2a5a24515afa48cc') in 0.009139 seconds 
========================================================================
Received Import Request.
  Time since last request: 3.115448 seconds.
  path: Assets/asset/tilemap_asset/3 Objects/Bushes/2.png
  artifactKey: Guid(de4d09faae365c344a6143c46224b612) Importer(815301076,1909f56bfc062723c751e8b465ee728b)
Start importing Assets/asset/tilemap_asset/3 Objects/Bushes/2.png using Guid(de4d09faae365c344a6143c46224b612) Importer(815301076,1909f56bfc062723c751e8b465ee728b)  -> (artifact id: 'c7eb11d915616d234545fc061da31ca7') in 0.008454 seconds 
========================================================================
Received Import Request.
  Time since last request: 0.007261 seconds.
  path: Assets/asset/tilemap_asset/3 Objects/Grass/2.png
  artifactKey: Guid(c4db7400b3bc9564a8234b6e7f128c5e) Importer(815301076,1909f56bfc062723c751e8b465ee728b)
Start importing Assets/asset/tilemap_asset/3 Objects/Grass/2.png using Guid(c4db7400b3bc9564a8234b6e7f128c5e) Importer(815301076,1909f56bfc062723c751e8b465ee728b)  -> (artifact id: '8b2c1d698048a9d6972d280ac2ee1ad7') in 0.009119 seconds 
========================================================================
Received Import Request.
  Time since last request: 0.214092 seconds.
  path: Assets/asset/Character_asset/2 Weapons/3 Attack/2.png
  artifactKey: Guid(3293b13c8b9a5f34fa0cd5749579286e) Importer(815301076,1909f56bfc062723c751e8b465ee728b)
Start importing Assets/asset/Character_asset/2 Weapons/3 Attack/2.png using Guid(3293b13c8b9a5f34fa0cd5749579286e) Importer(815301076,1909f56bfc062723c751e8b465ee728b)  -> (artifact id: 'b8ea1ca6d0534da106f08e2e4c7ea7b5') in 0.011591 seconds 
========================================================================
Received Import Request.
  Time since last request: 0.000013 seconds.
  path: Assets/asset/tilemap_asset/3 Objects/Fountain/2.png
  artifactKey: Guid(313a5f41f87eb304383049fabba35796) Importer(815301076,1909f56bfc062723c751e8b465ee728b)
Start importing Assets/asset/tilemap_asset/3 Objects/Fountain/2.png using Guid(313a5f41f87eb304383049fabba35796) Importer(815301076,1909f56bfc062723c751e8b465ee728b)  -> (artifact id: 'b73912af522cfb59ca5c9a5047e4015e') in 0.013056 seconds 
========================================================================
Received Import Request.
  Time since last request: 0.000014 seconds.
  path: Assets/asset/tilemap_asset/3 Objects/Fence/2.png
  artifactKey: Guid(155b9fb1636bb224983bd75fac4e6b60) Importer(815301076,1909f56bfc062723c751e8b465ee728b)
Start importing Assets/asset/tilemap_asset/3 Objects/Fence/2.png using Guid(155b9fb1636bb224983bd75fac4e6b60) Importer(815301076,1909f56bfc062723c751e8b465ee728b)  -> (artifact id: '8643e232f9d75950e9057b097383d6bd') in 0.019412 seconds 
========================================================================
Received Import Request.
  Time since last request: 0.218404 seconds.
  path: Assets/asset/tilemap_asset/3 Objects/Fence/2_1.png
  artifactKey: Guid(591334ba455737a4a885b7d4db7c496b) Importer(815301076,1909f56bfc062723c751e8b465ee728b)
Start importing Assets/asset/tilemap_asset/3 Objects/Fence/2_1.png using Guid(591334ba455737a4a885b7d4db7c496b) Importer(815301076,1909f56bfc062723c751e8b465ee728b)  -> (artifact id: '3ae3164f45f4559615a16bf3797bd277') in 0.012490 seconds 
========================================================================
Received Import Request.
  Time since last request: 0.013898 seconds.
  path: Assets/asset/tilemap_asset/3 Objects/Fence/3.png
  artifactKey: Guid(db18eb1d0670dda4b89a702fcbc9db8c) Importer(815301076,1909f56bfc062723c751e8b465ee728b)
Start importing Assets/asset/tilemap_asset/3 Objects/Fence/3.png using Guid(db18eb1d0670dda4b89a702fcbc9db8c) Importer(815301076,1909f56bfc062723c751e8b465ee728b)  -> (artifact id: '067aef1cb7503d805b0ba66d60e05847') in 0.011806 seconds 
========================================================================
Received Import Request.
  Time since last request: 0.008822 seconds.
  path: Assets/asset/tilemap_asset/3 Objects/Grass/3.png
  artifactKey: Guid(9f5bfa19829be1b4a911d165e39fb3e2) Importer(815301076,1909f56bfc062723c751e8b465ee728b)
Start importing Assets/asset/tilemap_asset/3 Objects/Grass/3.png using Guid(9f5bfa19829be1b4a911d165e39fb3e2) Importer(815301076,1909f56bfc062723c751e8b465ee728b)  -> (artifact id: 'e70758b45baba162366100b126d2050b') in 0.010233 seconds 
========================================================================
Received Import Request.
  Time since last request: 56.840136 seconds.
  path: Assets/script/Fireball.cs
  artifactKey: Guid(fdebc3c1a54c0a64fa518dbd66f94142) Importer(815301076,1909f56bfc062723c751e8b465ee728b)
Start importing Assets/script/Fireball.cs using Guid(fdebc3c1a54c0a64fa518dbd66f94142) Importer(815301076,1909f56bfc062723c751e8b465ee728b)  -> (artifact id: '53226a47c904d56a2a341bdcbedeb508') in 0.011310 seconds 
========================================================================
Received Prepare
Registering precompiled user dll's ...
Registered in 0.002488 seconds.
Begin MonoManager ReloadAssembly
Symbol file LoadedFromMemory doesn't match image D:\2year\codeunity\Project\Space_Project\Library\PackageCache\com.unity.visualscripting@1.8.0\Editor\VisualScripting.Core\Dependencies\YamlDotNet\Unity.VisualScripting.YamlDotNet.dll
Symbol file LoadedFromMemory doesn't match image D:\2year\codeunity\Project\Space_Project\Library\PackageCache\com.unity.visualscripting@1.8.0\Editor\VisualScripting.Core\Dependencies\DotNetZip\Unity.VisualScripting.IonicZip.dll
Native extension for WindowsStandalone target not found
Native extension for WebGL target not found
Refreshing native plugins compatible for Editor in 0.68 ms, found 4 plugins.
Preloading 0 native plugins for Editor in 0.00 ms.
Mono: successfully reloaded assembly
- Completed reload, in  0.642 seconds
Domain Reload Profiling:
	ReloadAssembly (643ms)
		BeginReloadAssembly (82ms)
			ExecutionOrderSort (0ms)
			DisableScriptedObjects (4ms)
			BackupInstance (0ms)
			ReleaseScriptingObjects (0ms)
			CreateAndSetChildDomain (25ms)
		EndReloadAssembly (507ms)
			LoadAssemblies (51ms)
			RebuildTransferFunctionScriptingTraits (0ms)
			SetupTypeCache (149ms)
			ReleaseScriptCaches (1ms)
			RebuildScriptCaches (29ms)
			SetupLoadedEditorAssemblies (246ms)
				LogAssemblyErrors (0ms)
				InitializePlatformSupportModulesInManaged (8ms)
				SetLoadedEditorAssemblies (0ms)
				RefreshPlugins (1ms)
				BeforeProcessingInitializeOnLoad (46ms)
				ProcessInitializeOnLoadAttributes (136ms)
				ProcessInitializeOnLoadMethodAttributes (54ms)
				AfterProcessingInitializeOnLoad (1ms)
				EditorAssembliesLoaded (0ms)
			ExecutionOrderSort2 (0ms)
			AwakeInstancesAfterBackupRestoration (6ms)
Platform modules already initialized, skipping
Refreshing native plugins compatible for Editor in 1.27 ms, found 4 plugins.
Preloading 0 native plugins for Editor in 0.00 ms.
Unloading 5086 Unused Serialized files (Serialized files now loaded: 0)
Unloading 33 unused Assets / (0.9 MB). Loaded Objects now: 5702.
Memory consumption went from 202.6 MB to 201.7 MB.
Total: 2.481900 ms (FindLiveObjects: 0.220100 ms CreateObjectMapping: 0.128900 ms MarkObjects: 1.879000 ms  DeleteObjects: 0.253200 ms)

AssetImportParameters requested are different than current active one (requested -> active):
  custom:video-decoder-ogg-theora: a1e56fd34408186e4bbccfd4996cb3dc -> 
  custom:container-muxer-webm: aa71ff27fc2769a1b78a27578f13a17b -> 
  custom:container-demuxer-webm: 4f35f7cbe854078d1ac9338744f61a02 -> 
  custom:video-encoder-webm-vp8: eb34c28f22e8b96e1ab97ce403110664 -> 
  custom:audio-encoder-webm-vorbis: bf7c407c2cedff20999df2af8eb42d56 -> 
  custom:framework-win-MediaFoundation: 216162199b28c13a410421893ffa2e32 -> 
  custom:container-demuxer-ogg: 62fdf1f143b41e24485cea50d1cbac27 -> 
  custom:video-decoder-webm-vp8: 9c59270c3fd7afecdb556c50c9e8de78 -> 
  custom:audio-decoder-ogg-vorbis: bf7c407c2cedff20999df2af8eb42d56 -> 
========================================================================
Received Import Request.
  Time since last request: 85.105611 seconds.
  path: Assets/NewBehaviourScript.cs
  artifactKey: Guid(f861d1b685fef2946b4ec9ab01988a0e) Importer(815301076,1909f56bfc062723c751e8b465ee728b)
Start importing Assets/NewBehaviourScript.cs using Guid(f861d1b685fef2946b4ec9ab01988a0e) Importer(815301076,1909f56bfc062723c751e8b465ee728b)  -> (artifact id: '8a22adbc575296fd069546af7f0857f6') in 0.012626 seconds 
========================================================================
Received Prepare
Registering precompiled user dll's ...
Registered in 0.001981 seconds.
Begin MonoManager ReloadAssembly
Symbol file LoadedFromMemory doesn't match image D:\2year\codeunity\Project\Space_Project\Library\PackageCache\com.unity.visualscripting@1.8.0\Editor\VisualScripting.Core\Dependencies\YamlDotNet\Unity.VisualScripting.YamlDotNet.dll
Symbol file LoadedFromMemory doesn't match image D:\2year\codeunity\Project\Space_Project\Library\PackageCache\com.unity.visualscripting@1.8.0\Editor\VisualScripting.Core\Dependencies\DotNetZip\Unity.VisualScripting.IonicZip.dll
Native extension for WindowsStandalone target not found
Native extension for WebGL target not found
Refreshing native plugins compatible for Editor in 0.78 ms, found 4 plugins.
Preloading 0 native plugins for Editor in 0.00 ms.
Mono: successfully reloaded assembly
- Completed reload, in  0.625 seconds
Domain Reload Profiling:
	ReloadAssembly (625ms)
		BeginReloadAssembly (78ms)
			ExecutionOrderSort (0ms)
			DisableScriptedObjects (4ms)
			BackupInstance (0ms)
			ReleaseScriptingObjects (0ms)
			CreateAndSetChildDomain (23ms)
		EndReloadAssembly (491ms)
			LoadAssemblies (49ms)
			RebuildTransferFunctionScriptingTraits (0ms)
			SetupTypeCache (149ms)
			ReleaseScriptCaches (1ms)
			RebuildScriptCaches (29ms)
			SetupLoadedEditorAssemblies (233ms)
				LogAssemblyErrors (0ms)
				InitializePlatformSupportModulesInManaged (8ms)
				SetLoadedEditorAssemblies (2ms)
				RefreshPlugins (1ms)
				BeforeProcessingInitializeOnLoad (46ms)
				ProcessInitializeOnLoadAttributes (126ms)
				ProcessInitializeOnLoadMethodAttributes (51ms)
				AfterProcessingInitializeOnLoad (1ms)
				EditorAssembliesLoaded (0ms)
			ExecutionOrderSort2 (0ms)
			AwakeInstancesAfterBackupRestoration (5ms)
Platform modules already initialized, skipping
Refreshing native plugins compatible for Editor in 1.70 ms, found 4 plugins.
Preloading 0 native plugins for Editor in 0.00 ms.
Unloading 5086 Unused Serialized files (Serialized files now loaded: 0)
Unloading 33 unused Assets / (0.9 MB). Loaded Objects now: 5705.
Memory consumption went from 202.6 MB to 201.7 MB.
Total: 2.500100 ms (FindLiveObjects: 0.218600 ms CreateObjectMapping: 0.132900 ms MarkObjects: 1.902700 ms  DeleteObjects: 0.245500 ms)

AssetImportParameters requested are different than current active one (requested -> active):
  custom:video-decoder-ogg-theora: a1e56fd34408186e4bbccfd4996cb3dc -> 
  custom:container-muxer-webm: aa71ff27fc2769a1b78a27578f13a17b -> 
  custom:container-demuxer-webm: 4f35f7cbe854078d1ac9338744f61a02 -> 
  custom:video-encoder-webm-vp8: eb34c28f22e8b96e1ab97ce403110664 -> 
  custom:audio-encoder-webm-vorbis: bf7c407c2cedff20999df2af8eb42d56 -> 
  custom:framework-win-MediaFoundation: 216162199b28c13a410421893ffa2e32 -> 
  custom:container-demuxer-ogg: 62fdf1f143b41e24485cea50d1cbac27 -> 
  custom:video-decoder-webm-vp8: 9c59270c3fd7afecdb556c50c9e8de78 -> 
  custom:audio-decoder-ogg-vorbis: bf7c407c2cedff20999df2af8eb42d56 -> 
========================================================================
Received Import Request.
  Time since last request: 16.951515 seconds.
  path: Assets/fireball
  artifactKey: Guid(9f4bfa07fc643304d8d90f14d2123847) Importer(815301076,1909f56bfc062723c751e8b465ee728b)
Start importing Assets/fireball using Guid(9f4bfa07fc643304d8d90f14d2123847) Importer(815301076,1909f56bfc062723c751e8b465ee728b)  -> (artifact id: 'dfe2874bd500479b62de15697474e103') in 0.008841 seconds 
========================================================================
Received Import Request.
  Time since last request: 27.165349 seconds.
  path: Assets/fireball/Fireball.controller
  artifactKey: Guid(f16784fb89e539c44af8c10e743c404d) Importer(815301076,1909f56bfc062723c751e8b465ee728b)
Start importing Assets/fireball/Fireball.controller using Guid(f16784fb89e539c44af8c10e743c404d) Importer(815301076,1909f56bfc062723c751e8b465ee728b)  -> (artifact id: 'bc391e1d0b6a3752dc7dead04b1300a5') in 0.009447 seconds 
========================================================================
Received Import Request.
  Time since last request: 142.292725 seconds.
  path: Assets/asset/thunder/Thunder hit w blur.png
  artifactKey: Guid(b872700d0b52c284cbc7fb08e03eff47) Importer(815301076,1909f56bfc062723c751e8b465ee728b)
Start importing Assets/asset/thunder/Thunder hit w blur.png using Guid(b872700d0b52c284cbc7fb08e03eff47) Importer(815301076,1909f56bfc062723c751e8b465ee728b)  -> (artifact id: '711b0f97aece2d93c093aa1ba42e164a') in 0.043407 seconds 
========================================================================
Received Import Request.
  Time since last request: 17.793363 seconds.
  path: Assets/asset/thunder/Thunder hit w blur.png
  artifactKey: Guid(b872700d0b52c284cbc7fb08e03eff47) Importer(815301076,1909f56bfc062723c751e8b465ee728b)
Start importing Assets/asset/thunder/Thunder hit w blur.png using Guid(b872700d0b52c284cbc7fb08e03eff47) Importer(815301076,1909f56bfc062723c751e8b465ee728b)  -> (artifact id: 'a36e15fed7a393c1be358d67b8625955') in 0.007668 seconds 
========================================================================
Received Import Request.
  Time since last request: 56.725443 seconds.
  path: Assets/asset/thunder/Thunder hit w blur.png
  artifactKey: Guid(b872700d0b52c284cbc7fb08e03eff47) Importer(815301076,1909f56bfc062723c751e8b465ee728b)
Start importing Assets/asset/thunder/Thunder hit w blur.png using Guid(b872700d0b52c284cbc7fb08e03eff47) Importer(815301076,1909f56bfc062723c751e8b465ee728b)  -> (artifact id: '0806a886515973924995bc7b80b1e007') in 0.016259 seconds 
========================================================================
Received Import Request.
  Time since last request: 165.907636 seconds.
  path: Assets/fireball/Fireball.anim
  artifactKey: Guid(9aa8ce105f3345d469e4efc8a5343809) Importer(815301076,1909f56bfc062723c751e8b465ee728b)
Start importing Assets/fireball/Fireball.anim using Guid(9aa8ce105f3345d469e4efc8a5343809) Importer(815301076,1909f56bfc062723c751e8b465ee728b)  -> (artifact id: 'fc5c7c732eb3b4c28dd24aa58ad24273') in 0.002932 seconds 
========================================================================
Received Import Request.
  Time since last request: 3.279716 seconds.
  path: Assets/fireball/explode.anim
  artifactKey: Guid(298c23c758a4366469a89401c98932b2) Importer(815301076,1909f56bfc062723c751e8b465ee728b)
Start importing Assets/fireball/explode.anim using Guid(298c23c758a4366469a89401c98932b2) Importer(815301076,1909f56bfc062723c751e8b465ee728b)  -> (artifact id: '7299a6f4b3d64aa3970dd374858dcb0a') in 0.006519 seconds 
========================================================================
Received Import Request.
  Time since last request: 155.720459 seconds.
  path: Assets/script/Project.cs
  artifactKey: Guid(fdebc3c1a54c0a64fa518dbd66f94142) Importer(815301076,1909f56bfc062723c751e8b465ee728b)
Start importing Assets/script/Project.cs using Guid(fdebc3c1a54c0a64fa518dbd66f94142) Importer(815301076,1909f56bfc062723c751e8b465ee728b)  -> (artifact id: 'd07dff5f1c220f456770e4a15c78b6e2') in 0.006290 seconds 
========================================================================
Received Prepare
Registering precompiled user dll's ...
Registered in 0.001938 seconds.
Begin MonoManager ReloadAssembly
Symbol file LoadedFromMemory doesn't match image D:\2year\codeunity\Project\Space_Project\Library\PackageCache\com.unity.visualscripting@1.8.0\Editor\VisualScripting.Core\Dependencies\YamlDotNet\Unity.VisualScripting.YamlDotNet.dll
Symbol file LoadedFromMemory doesn't match image D:\2year\codeunity\Project\Space_Project\Library\PackageCache\com.unity.visualscripting@1.8.0\Editor\VisualScripting.Core\Dependencies\DotNetZip\Unity.VisualScripting.IonicZip.dll
Native extension for WindowsStandalone target not found
Native extension for WebGL target not found
Refreshing native plugins compatible for Editor in 0.55 ms, found 4 plugins.
Preloading 0 native plugins for Editor in 0.00 ms.
Mono: successfully reloaded assembly
- Completed reload, in  0.612 seconds
Domain Reload Profiling:
	ReloadAssembly (613ms)
		BeginReloadAssembly (82ms)
			ExecutionOrderSort (0ms)
			DisableScriptedObjects (5ms)
			BackupInstance (0ms)
			ReleaseScriptingObjects (0ms)
			CreateAndSetChildDomain (26ms)
		EndReloadAssembly (476ms)
			LoadAssemblies (47ms)
			RebuildTransferFunctionScriptingTraits (0ms)
			SetupTypeCache (143ms)
			ReleaseScriptCaches (1ms)
			RebuildScriptCaches (28ms)
			SetupLoadedEditorAssemblies (226ms)
				LogAssemblyErrors (0ms)
				InitializePlatformSupportModulesInManaged (7ms)
				SetLoadedEditorAssemblies (0ms)
				RefreshPlugins (1ms)
				BeforeProcessingInitializeOnLoad (43ms)
				ProcessInitializeOnLoadAttributes (122ms)
				ProcessInitializeOnLoadMethodAttributes (52ms)
				AfterProcessingInitializeOnLoad (1ms)
				EditorAssembliesLoaded (0ms)
			ExecutionOrderSort2 (0ms)
			AwakeInstancesAfterBackupRestoration (6ms)
Platform modules already initialized, skipping
Refreshing native plugins compatible for Editor in 1.29 ms, found 4 plugins.
Preloading 0 native plugins for Editor in 0.00 ms.
Unloading 5086 Unused Serialized files (Serialized files now loaded: 0)
Unloading 33 unused Assets / (0.9 MB). Loaded Objects now: 5718.
Memory consumption went from 202.6 MB to 201.8 MB.
Total: 2.418500 ms (FindLiveObjects: 0.225200 ms CreateObjectMapping: 0.139200 ms MarkObjects: 1.780700 ms  DeleteObjects: 0.272900 ms)

AssetImportParameters requested are different than current active one (requested -> active):
  custom:video-decoder-ogg-theora: a1e56fd34408186e4bbccfd4996cb3dc -> 
  custom:container-muxer-webm: aa71ff27fc2769a1b78a27578f13a17b -> 
  custom:container-demuxer-webm: 4f35f7cbe854078d1ac9338744f61a02 -> 
  custom:video-encoder-webm-vp8: eb34c28f22e8b96e1ab97ce403110664 -> 
  custom:audio-encoder-webm-vorbis: bf7c407c2cedff20999df2af8eb42d56 -> 
  custom:framework-win-MediaFoundation: 216162199b28c13a410421893ffa2e32 -> 
  custom:container-demuxer-ogg: 62fdf1f143b41e24485cea50d1cbac27 -> 
  custom:video-decoder-webm-vp8: 9c59270c3fd7afecdb556c50c9e8de78 -> 
  custom:audio-decoder-ogg-vorbis: bf7c407c2cedff20999df2af8eb42d56 -> 
========================================================================
Received Import Request.
  Time since last request: 11.462520 seconds.
  path: Assets/script/Projectile.cs
  artifactKey: Guid(fdebc3c1a54c0a64fa518dbd66f94142) Importer(815301076,1909f56bfc062723c751e8b465ee728b)
Start importing Assets/script/Projectile.cs using Guid(fdebc3c1a54c0a64fa518dbd66f94142) Importer(815301076,1909f56bfc062723c751e8b465ee728b)  -> (artifact id: '8a014dfc2aa6ac7ea29e3539a29ddee4') in 0.011729 seconds 
========================================================================
Received Prepare
Registering precompiled user dll's ...
Registered in 0.002020 seconds.
Begin MonoManager ReloadAssembly
Symbol file LoadedFromMemory doesn't match image D:\2year\codeunity\Project\Space_Project\Library\PackageCache\com.unity.visualscripting@1.8.0\Editor\VisualScripting.Core\Dependencies\YamlDotNet\Unity.VisualScripting.YamlDotNet.dll
Symbol file LoadedFromMemory doesn't match image D:\2year\codeunity\Project\Space_Project\Library\PackageCache\com.unity.visualscripting@1.8.0\Editor\VisualScripting.Core\Dependencies\DotNetZip\Unity.VisualScripting.IonicZip.dll
Native extension for WindowsStandalone target not found
Native extension for WebGL target not found
Refreshing native plugins compatible for Editor in 0.60 ms, found 4 plugins.
Preloading 0 native plugins for Editor in 0.00 ms.
Mono: successfully reloaded assembly
- Completed reload, in  0.639 seconds
Domain Reload Profiling:
	ReloadAssembly (639ms)
		BeginReloadAssembly (77ms)
			ExecutionOrderSort (0ms)
			DisableScriptedObjects (4ms)
			BackupInstance (0ms)
			ReleaseScriptingObjects (0ms)
			CreateAndSetChildDomain (24ms)
		EndReloadAssembly (506ms)
			LoadAssemblies (49ms)
			RebuildTransferFunctionScriptingTraits (0ms)
			SetupTypeCache (149ms)
			ReleaseScriptCaches (2ms)
			RebuildScriptCaches (29ms)
			SetupLoadedEditorAssemblies (243ms)
				LogAssemblyErrors (0ms)
				InitializePlatformSupportModulesInManaged (8ms)
				SetLoadedEditorAssemblies (1ms)
				RefreshPlugins (1ms)
				BeforeProcessingInitializeOnLoad (43ms)
				ProcessInitializeOnLoadAttributes (135ms)
				ProcessInitializeOnLoadMethodAttributes (55ms)
				AfterProcessingInitializeOnLoad (1ms)
				EditorAssembliesLoaded (0ms)
			ExecutionOrderSort2 (0ms)
			AwakeInstancesAfterBackupRestoration (6ms)
Platform modules already initialized, skipping
Refreshing native plugins compatible for Editor in 1.27 ms, found 4 plugins.
Preloading 0 native plugins for Editor in 0.00 ms.
Unloading 5086 Unused Serialized files (Serialized files now loaded: 0)
Unloading 33 unused Assets / (0.9 MB). Loaded Objects now: 5721.
Memory consumption went from 202.6 MB to 201.8 MB.
Total: 2.437500 ms (FindLiveObjects: 0.230000 ms CreateObjectMapping: 0.131500 ms MarkObjects: 1.789000 ms  DeleteObjects: 0.286400 ms)

AssetImportParameters requested are different than current active one (requested -> active):
  custom:video-decoder-ogg-theora: a1e56fd34408186e4bbccfd4996cb3dc -> 
  custom:container-muxer-webm: aa71ff27fc2769a1b78a27578f13a17b -> 
  custom:container-demuxer-webm: 4f35f7cbe854078d1ac9338744f61a02 -> 
  custom:video-encoder-webm-vp8: eb34c28f22e8b96e1ab97ce403110664 -> 
  custom:audio-encoder-webm-vorbis: bf7c407c2cedff20999df2af8eb42d56 -> 
  custom:framework-win-MediaFoundation: 216162199b28c13a410421893ffa2e32 -> 
  custom:container-demuxer-ogg: 62fdf1f143b41e24485cea50d1cbac27 -> 
  custom:video-decoder-webm-vp8: 9c59270c3fd7afecdb556c50c9e8de78 -> 
  custom:audio-decoder-ogg-vorbis: bf7c407c2cedff20999df2af8eb42d56 -> 
========================================================================
Received Prepare
Registering precompiled user dll's ...
Registered in 0.001922 seconds.
Begin MonoManager ReloadAssembly
Symbol file LoadedFromMemory doesn't match image D:\2year\codeunity\Project\Space_Project\Library\PackageCache\com.unity.visualscripting@1.8.0\Editor\VisualScripting.Core\Dependencies\YamlDotNet\Unity.VisualScripting.YamlDotNet.dll
Symbol file LoadedFromMemory doesn't match image D:\2year\codeunity\Project\Space_Project\Library\PackageCache\com.unity.visualscripting@1.8.0\Editor\VisualScripting.Core\Dependencies\DotNetZip\Unity.VisualScripting.IonicZip.dll
Native extension for WindowsStandalone target not found
Native extension for WebGL target not found
Refreshing native plugins compatible for Editor in 0.56 ms, found 4 plugins.
Preloading 0 native plugins for Editor in 0.00 ms.
Mono: successfully reloaded assembly
- Completed reload, in  0.652 seconds
Domain Reload Profiling:
	ReloadAssembly (652ms)
		BeginReloadAssembly (75ms)
			ExecutionOrderSort (0ms)
			DisableScriptedObjects (4ms)
			BackupInstance (0ms)
			ReleaseScriptingObjects (0ms)
			CreateAndSetChildDomain (21ms)
		EndReloadAssembly (523ms)
			LoadAssemblies (48ms)
			RebuildTransferFunctionScriptingTraits (0ms)
			SetupTypeCache (166ms)
			ReleaseScriptCaches (1ms)
			RebuildScriptCaches (35ms)
			SetupLoadedEditorAssemblies (234ms)
				LogAssemblyErrors (0ms)
				InitializePlatformSupportModulesInManaged (7ms)
				SetLoadedEditorAssemblies (1ms)
				RefreshPlugins (1ms)
				BeforeProcessingInitializeOnLoad (42ms)
				ProcessInitializeOnLoadAttributes (128ms)
				ProcessInitializeOnLoadMethodAttributes (54ms)
				AfterProcessingInitializeOnLoad (1ms)
				EditorAssembliesLoaded (0ms)
			ExecutionOrderSort2 (0ms)
			AwakeInstancesAfterBackupRestoration (6ms)
Platform modules already initialized, skipping
Refreshing native plugins compatible for Editor in 1.62 ms, found 4 plugins.
Preloading 0 native plugins for Editor in 0.00 ms.
Unloading 5086 Unused Serialized files (Serialized files now loaded: 0)
Unloading 33 unused Assets / (0.9 MB). Loaded Objects now: 5724.
Memory consumption went from 202.6 MB to 201.8 MB.
Total: 2.752000 ms (FindLiveObjects: 0.245600 ms CreateObjectMapping: 0.144000 ms MarkObjects: 1.888500 ms  DeleteObjects: 0.472300 ms)

AssetImportParameters requested are different than current active one (requested -> active):
  custom:video-decoder-ogg-theora: a1e56fd34408186e4bbccfd4996cb3dc -> 
  custom:container-muxer-webm: aa71ff27fc2769a1b78a27578f13a17b -> 
  custom:container-demuxer-webm: 4f35f7cbe854078d1ac9338744f61a02 -> 
  custom:video-encoder-webm-vp8: eb34c28f22e8b96e1ab97ce403110664 -> 
  custom:audio-encoder-webm-vorbis: bf7c407c2cedff20999df2af8eb42d56 -> 
  custom:framework-win-MediaFoundation: 216162199b28c13a410421893ffa2e32 -> 
  custom:container-demuxer-ogg: 62fdf1f143b41e24485cea50d1cbac27 -> 
  custom:video-decoder-webm-vp8: 9c59270c3fd7afecdb556c50c9e8de78 -> 
  custom:audio-decoder-ogg-vorbis: bf7c407c2cedff20999df2af8eb42d56 -> 
========================================================================
Received Import Request.
  Time since last request: 38.275876 seconds.
  path: Assets/script/Projectile.cs
  artifactKey: Guid(fdebc3c1a54c0a64fa518dbd66f94142) Importer(815301076,1909f56bfc062723c751e8b465ee728b)
Start importing Assets/script/Projectile.cs using Guid(fdebc3c1a54c0a64fa518dbd66f94142) Importer(815301076,1909f56bfc062723c751e8b465ee728b)  -> (artifact id: 'c0c4e006b403ddbc251e82b7f1231cbd') in 0.006506 seconds 
========================================================================
Received Prepare
Registering precompiled user dll's ...
Registered in 0.004337 seconds.
Begin MonoManager ReloadAssembly
Symbol file LoadedFromMemory doesn't match image D:\2year\codeunity\Project\Space_Project\Library\PackageCache\com.unity.visualscripting@1.8.0\Editor\VisualScripting.Core\Dependencies\YamlDotNet\Unity.VisualScripting.YamlDotNet.dll
Symbol file LoadedFromMemory doesn't match image D:\2year\codeunity\Project\Space_Project\Library\PackageCache\com.unity.visualscripting@1.8.0\Editor\VisualScripting.Core\Dependencies\DotNetZip\Unity.VisualScripting.IonicZip.dll
Native extension for WindowsStandalone target not found
Native extension for WebGL target not found
Refreshing native plugins compatible for Editor in 0.89 ms, found 4 plugins.
Preloading 0 native plugins for Editor in 0.00 ms.
Mono: successfully reloaded assembly
- Completed reload, in  1.206 seconds
Domain Reload Profiling:
	ReloadAssembly (1206ms)
		BeginReloadAssembly (132ms)
			ExecutionOrderSort (0ms)
			DisableScriptedObjects (8ms)
			BackupInstance (0ms)
			ReleaseScriptingObjects (0ms)
			CreateAndSetChildDomain (35ms)
		EndReloadAssembly (971ms)
			LoadAssemblies (102ms)
			RebuildTransferFunctionScriptingTraits (0ms)
			SetupTypeCache (278ms)
			ReleaseScriptCaches (2ms)
			RebuildScriptCaches (58ms)
			SetupLoadedEditorAssemblies (463ms)
				LogAssemblyErrors (0ms)
				InitializePlatformSupportModulesInManaged (13ms)
				SetLoadedEditorAssemblies (1ms)
				RefreshPlugins (1ms)
				BeforeProcessingInitializeOnLoad (92ms)
				ProcessInitializeOnLoadAttributes (244ms)
				ProcessInitializeOnLoadMethodAttributes (109ms)
				AfterProcessingInitializeOnLoad (3ms)
				EditorAssembliesLoaded (0ms)
			ExecutionOrderSort2 (0ms)
			AwakeInstancesAfterBackupRestoration (14ms)
Platform modules already initialized, skipping
